2025-11-19 18:42:43, MOVE, v:1, k:poo@cinema, mode:DOWN
2025-11-19 18:42:44, MOVE, v:1, k:poo@tabuleiro, mode:DOWN
2025-11-19 18:42:45, MOVE, v:1, k:poo@junkfood, mode:DOWN
2025-11-19 18:42:48, MOVE, v:1, k:poo@budega, mode:PICK
2025-11-19 18:42:52, EXEC, v:1, k:poo@budega, mode:FULL, rate:0, size:53
2025-11-19 18:43:22, MOVE, v:1, k:poo@budega, mode:BACK
2025-11-19 18:44:32, MOVE, v:1, k:poo@lapiseira, mode:PICK
2025-11-19 18:44:36, EXEC, v:1, k:poo@lapiseira, mode:FULL, rate:0, size:0
2025-11-19 18:45:05, MOVE, v:1, k:poo@lapiseira, mode:BACK
2025-11-19 18:45:45, MOVE, v:1, k:poo@budega, mode:PICK
2025-11-19 18:45:48, EXEC, v:1, k:poo@budega, mode:FULL, rate:0
2025-11-19 18:48:14, MOVE, v:1, k:poo@budega, mode:BACK
2025-11-19 18:51:09, MOVE, v:1, k:poo@budega, mode:PICK
2025-11-19 18:51:12, EXEC, v:1, k:poo@budega, mode:FULL, rate:0, size:73
2025-11-19 18:52:06, MOVE, v:1, k:poo@budega, mode:BACK
2025-11-19 19:40:29, MOVE, v:1, k:poo@lapiseira, mode:PICK
2025-11-19 19:40:32, EXEC, v:1, k:poo@lapiseira, mode:FULL, rate:0, size:82
2025-11-19 19:42:58, MOVE, v:1, k:poo@lapiseira, mode:BACK
2025-11-19 19:43:00, MOVE, v:1, k:poo@lapiseira, mode:PICK
2025-11-19 19:43:03, EXEC, v:1, k:poo@lapiseira, mode:FULL, rate:0
2025-11-19 19:44:29, MOVE, v:1, k:poo@lapiseira, mode:BACK
2025-11-19 23:28:20, MOVE, v:1, k:poo@pula-pula, mode:PICK
2025-11-19 23:28:23, EXEC, v:1, k:poo@pula-pula, mode:FULL, rate:0, size:59
2025-11-19 23:28:51, MOVE, v:1, k:poo@pula-pula, mode:BACK
2025-11-19 23:28:52, MOVE, v:1, k:poo@pula-pula, mode:PICK
2025-11-19 23:28:52, EXEC, v:1, k:poo@pula-pula, mode:FULL, rate:0, size:70
2025-11-19 23:28:59, MOVE, v:1, k:poo@pula-pula, mode:BACK
2025-11-19 23:45:10, MOVE, v:1, k:poo@tabuleiro, mode:PICK
2025-11-19 23:45:13, EXEC, v:1, k:poo@tabuleiro, mode:FULL, rate:0, size:0
2025-11-19 23:45:28, MOVE, v:1, k:poo@tabuleiro, mode:BACK
